0001_0049_0061_0028_0028.jpg 1 49 61 28 28
0002_0040_0031_0032_0032.jpg 1 40 31 32 32
0003_0007_0026_0047_0047.jpg 1 7 26 47 47
0004_0027_0011_0029_0029.jpg 1 27 11 29 29
0005_0020_0009_0069_0069.jpg 1 20 9 69 69
0006_0019_0023_0037_0037.jpg 1 19 23 37 37
0007_0011_0025_0060_0060.jpg 1 11 25 60 60
0008_0050_0028_0036_0036.jpg 1 50 28 36 36
0009_0021_0022_0065_0065.jpg 1 21 22 65 65
0010_0014_0055_0037_0037.jpg 1 14 55 37 37
0011_0052_0063_0026_0026.jpg 1 52 63 26 26
0012_0018_0047_0028_0028.jpg 1 18 47 28 28
0013_0053_0036_0038_0038.jpg 1 53 36 38 38
0014_0019_0064_0028_0028.jpg 1 19 64 28 28
0015_0037_0052_0031_0031.jpg 1 37 52 31 31
0016_0010_0040_0041_0041.jpg 1 10 40 41 41
0017_0007_0033_0061_0061.jpg 1 7 33 61 61
0018_0042_0014_0048_0048.jpg 1 42 14 48 48
0019_0057_0027_0024_0024.jpg 1 57 27 24 24
0020_0035_0037_0027_0027.jpg 1 35 37 27 27
0021_0012_0032_0057_0057.jpg 1 12 32 57 57
0022_0043_0044_0046_0046.jpg 1 43 44 46 46
0023_0040_0011_0032_0032.jpg 1 40 11 32 32
0024_0031_0032_0053_0053.jpg 1 31 32 53 53
0025_0033_0031_0049_0049.jpg 1 33 31 49 49
0026_0016_0013_0056_0056.jpg 1 16 13 56 56
0027_0021_0009_0050_0050.jpg 1 21 9 50 50
0028_0013_0037_0024_0024.jpg 1 13 37 24 24
0029_0009_0026_0025_0025.jpg 1 9 26 25 25
0030_0042_0039_0034_0034.jpg 1 42 39 34 34
0031_0057_0029_0034_0034.jpg 1 57 29 34 34
0032_0031_0014_0034_0034.jpg 1 31 14 34 34
0033_0055_0019_0036_0036.jpg 1 55 19 36 36
0034_0016_0010_0065_0065.jpg 1 16 10 65 65
0035_0027_0010_0069_0069.jpg 1 27 10 69 69
0036_0035_0032_0028_0028.jpg 1 35 32 28 28
0037_0018_0037_0040_0040.jpg 1 18 37 40 40
0038_0017_0040_0032_0032.jpg 1 17 40 32 32
0039_0019_0031_0061_0061.jpg 1 19 31 61 61
0040_0031_0015_0056_0056.jpg 1 31 15 56 56
0041_0018_0007_0037_0037.jpg 1 18 7 37 37
0042_0004_0036_0058_0058.jpg 1 4 36 58 58
0043_0014_0029_0047_0047.jpg 1 14 29 47 47
0044_0017_0011_0056_0056.jpg 1 17 11 56 56
0045_0040_0009_0048_0048.jpg 1 40 9 48 48
0046_0043_0036_0039_0039.jpg 1 43 36 39 39
0047_0038_0018_0054_0054.jpg 1 38 18 54 54
0048_0019_0052_0034_0034.jpg 1 19 52 34 34
0049_0022_0030_0061_0061.jpg 1 22 30 61 61
0050_0025_0027_0050_0050.jpg 1 25 27 50 50
0051_0028_0054_0036_0036.jpg 1 28 54 36 36
0052_0009_0021_0057_0057.jpg 1 9 21 57 57
0053_0020_0026_0068_0068.jpg 1 20 26 68 68
0054_0051_0043_0038_0038.jpg 1 51 43 38 38
0055_0020_0023_0063_0063.jpg 1 20 23 63 63
0056_0021_0014_0064_0064.jpg 1 21 14 64 64
0057_0029_0014_0035_0035.jpg 1 29 14 35 35
0058_0017_0009_0029_0029.jpg 1 17 9 29 29
0059_0027_0024_0063_0063.jpg 1 27 24 63 63
0060_0028_0023_0060_0060.jpg 1 28 23 60 60
0061_0025_0026_0060_0060.jpg 1 25 26 60 60
0062_0027_0011_0053_0053.jpg 1 27 11 53 53
0063_0038_0045_0034_0034.jpg 1 38 45 34 34
0064_0041_0051_0038_0038.jpg 1 41 51 38 38
0065_0042_0060_0025_0025.jpg 1 42 60 25 25
0066_0012_0020_0032_0032.jpg 1 12 20 32 32
0067_0035_0012_0051_0051.jpg 1 35 12 51 51
0068_0026_0023_0050_0050.jpg 1 26 23 50 50
0069_0018_0014_0050_0050.jpg 1 18 14 50 50
0070_0034_0026_0059_0059.jpg 1 34 26 59 59
0071_0030_0018_0052_0052.jpg 1 30 18 52 52
0072_0022_0034_0047_0047.jpg 1 22 34 47 47
0073_0036_0062_0029_0029.jpg 1 36 62 29 29
0074_0034_0011_0048_0048.jpg 1 34 11 48 48
0075_0010_0016_0040_0040.jpg 1 10 16 40 40
0076_0008_0010_0037_0037.jpg 1 8 10 37 37
0077_0010_0006_0063_0063.jpg 1 10 6 63 63
0078_0011_0006_0062_0062.jpg 1 11 6 62 62
0079_0009_0018_0064_0064.jpg 1 9 18 64 64
0080_0011_0015_0063_0063.jpg 1 11 15 63 63
0081_0031_0045_0037_0037.jpg 1 31 45 37 37
0082_0015_0009_0067_0067.jpg 1 15 9 67 67
0083_0017_0035_0046_0046.jpg 1 17 35 46 46
0084_0008_0030_0064_0064.jpg 1 8 30 64 64
0085_0025_0020_0063_0063.jpg 1 25 20 63 63
0086_0006_0016_0048_0048.jpg 1 6 16 48 48
0087_0011_0060_0026_0026.jpg 1 11 60 26 26
0088_0052_0046_0025_0025.jpg 1 52 46 25 25
0089_0016_0044_0035_0035.jpg 1 16 44 35 35
0090_0037_0036_0033_0033.jpg 1 37 36 33 33
0091_0027_0017_0042_0042.jpg 1 27 17 42 42
0092_0030_0018_0043_0043.jpg 1 30 18 43 43
0093_0029_0032_0039_0039.jpg 1 29 32 39 39
0094_0044_0037_0042_0042.jpg 1 44 37 42 42
0095_0018_0032_0063_0063.jpg 1 18 32 63 63
0096_0023_0018_0031_0031.jpg 1 23 18 31 31
0097_0017_0040_0029_0029.jpg 1 17 40 29 29
0098_0019_0015_0057_0057.jpg 1 19 15 57 57
0099_0045_0031_0038_0038.jpg 1 45 31 38 38
0100_0016_0006_0068_0068.jpg 1 16 6 68 68
0101_0016_0013_0059_0059.jpg 1 16 13 59 59
0102_0025_0012_0063_0063.jpg 1 25 12 63 63
0103_0008_0007_0034_0034.jpg 1 8 7 34 34
0104_0051_0029_0029_0029.jpg 1 51 29 29 29
0105_0016_0010_0031_0031.jpg 1 16 10 31 31
0106_0018_0019_0059_0059.jpg 1 18 19 59 59
0107_0022_0026_0054_0054.jpg 1 22 26 54 54
0108_0052_0024_0042_0042.jpg 1 52 24 42 42
0109_0017_0036_0056_0056.jpg 1 17 36 56 56
0110_0013_0023_0055_0055.jpg 1 13 23 55 55
0111_0033_0046_0039_0039.jpg 1 33 46 39 39
0112_0015_0019_0062_0062.jpg 1 15 19 62 62
0113_0024_0008_0069_0069.jpg 1 24 8 69 69
0114_0024_0008_0064_0064.jpg 1 24 8 64 64
0115_0016_0037_0034_0034.jpg 1 16 37 34 34
0116_0041_0024_0037_0037.jpg 1 41 24 37 37
0117_0034_0019_0055_0055.jpg 1 34 19 55 55
0118_0012_0033_0044_0044.jpg 1 12 33 44 44
0119_0038_0038_0027_0027.jpg 1 38 38 27 27
0120_0032_0012_0047_0047.jpg 1 32 12 47 47
0121_0033_0036_0057_0057.jpg 1 33 36 57 57
0122_0034_0007_0049_0049.jpg 1 34 7 49 49
0123_0044_0052_0034_0034.jpg 1 44 52 34 34
0124_0017_0007_0055_0055.jpg 1 17 7 55 55
0125_0041_0015_0052_0052.jpg 1 41 15 52 52
0126_0048_0024_0043_0043.jpg 1 48 24 43 43
0127_0006_0013_0053_0053.jpg 1 6 13 53 53
0128_0017_0025_0064_0064.jpg 1 17 25 64 64
0129_0012_0012_0057_0057.jpg 1 12 12 57 57
0130_0042_0039_0042_0042.jpg 1 42 39 42 42
0131_0014_0019_0068_0068.jpg 1 14 19 68 68
0132_0004_0006_0068_0068.jpg 1 4 6 68 68
0133_0050_0038_0038_0038.jpg 1 50 38 38 38
0134_0021_0010_0067_0067.jpg 1 21 10 67 67
0135_0027_0014_0068_0068.jpg 1 27 14 68 68
0136_0013_0006_0068_0068.jpg 1 13 6 68 68
0137_0026_0023_0026_0026.jpg 1 26 23 26 26
0138_0044_0009_0024_0024.jpg 1 44 9 24 24
0139_0033_0053_0039_0039.jpg 1 33 53 39 39
0140_0036_0019_0047_0047.jpg 1 36 19 47 47
0141_0006_0030_0049_0049.jpg 1 6 30 49 49
0142_0006_0005_0052_0052.jpg 1 6 5 52 52
0143_0044_0050_0032_0032.jpg 1 44 50 32 32
0144_0054_0050_0035_0035.jpg 1 54 50 35 35
0145_0021_0015_0060_0060.jpg 1 21 15 60 60
0146_0044_0054_0033_0033.jpg 1 44 54 33 33
0147_0062_0028_0030_0030.jpg 1 62 28 30 30
0148_0008_0054_0035_0035.jpg 1 8 54 35 35
0149_0017_0011_0059_0059.jpg 1 17 11 59 59
0150_0029_0032_0064_0064.jpg 1 29 32 64 64
0151_0021_0031_0063_0063.jpg 1 21 31 63 63
0152_0050_0015_0036_0036.jpg 1 50 15 36 36
0153_0015_0028_0059_0059.jpg 1 15 28 59 59
0154_0025_0047_0043_0043.jpg 1 25 47 43 43
0155_0035_0035_0059_0059.jpg 1 35 35 59 59
0156_0010_0016_0059_0059.jpg 1 10 16 59 59
0157_0021_0035_0047_0047.jpg 1 21 35 47 47
0158_0018_0004_0068_0068.jpg 1 18 4 68 68
0159_0015_0040_0051_0051.jpg 1 15 40 51 51
0160_0029_0009_0052_0052.jpg 1 29 9 52 52
0161_0009_0031_0052_0052.jpg 1 9 31 52 52
0162_0018_0047_0042_0042.jpg 1 18 47 42 42
0163_0014_0017_0055_0055.jpg 1 14 17 55 55
0164_0007_0023_0047_0047.jpg 1 7 23 47 47
0165_0018_0021_0059_0059.jpg 1 18 21 59 59
0166_0043_0028_0040_0040.jpg 1 43 28 40 40
0167_0059_0042_0026_0026.jpg 1 59 42 26 26
0168_0035_0014_0034_0034.jpg 1 35 14 34 34
0169_0024_0031_0058_0058.jpg 1 24 31 58 58
0170_0006_0010_0065_0065.jpg 1 6 10 65 65
0171_0039_0026_0025_0025.jpg 1 39 26 25 25
0172_0045_0027_0043_0043.jpg 1 45 27 43 43
0173_0035_0015_0042_0042.jpg 1 35 15 42 42
0174_0031_0022_0057_0057.jpg 1 31 22 57 57
0175_0028_0008_0068_0068.jpg 1 28 8 68 68
0176_0011_0044_0037_0037.jpg 1 11 44 37 37
0177_0053_0016_0033_0033.jpg 1 53 16 33 33
0178_0031_0008_0051_0051.jpg 1 31 8 51 51
0179_0016_0010_0061_0061.jpg 1 16 10 61 61
0180_0011_0042_0028_0028.jpg 1 11 42 28 28
0181_0017_0042_0048_0048.jpg 1 17 42 48 48
0182_0018_0012_0046_0046.jpg 1 18 12 46 46
0183_0010_0023_0063_0063.jpg 1 10 23 63 63
0184_0006_0033_0059_0059.jpg 1 6 33 59 59
0185_0019_0030_0027_0027.jpg 1 19 30 27 27
0186_0018_0025_0054_0054.jpg 1 18 25 54 54
0187_0036_0035_0057_0057.jpg 1 36 35 57 57
0188_0005_0023_0060_0060.jpg 1 5 23 60 60
0189_0048_0037_0031_0031.jpg 1 48 37 31 31
0190_0020_0018_0066_0066.jpg 1 20 18 66 66
0191_0024_0031_0038_0038.jpg 1 24 31 38 38
0192_0029_0022_0053_0053.jpg 1 29 22 53 53
0193_0017_0060_0029_0029.jpg 1 17 60 29 29
0194_0040_0039_0051_0051.jpg 1 40 39 51 51
0195_0016_0025_0069_0069.jpg 1 16 25 69 69
0196_0017_0052_0029_0029.jpg 1 17 52 29 29
0197_0042_0045_0026_0026.jpg 1 42 45 26 26
0198_0010_0033_0058_0058.jpg 1 10 33 58 58
0199_0013_0024_0052_0052.jpg 1 13 24 52 52
0200_0011_0018_0069_0069.jpg 1 11 18 69 69
0201_0019_0022_0048_0048.jpg 1 19 22 48 48
0202_0009_0033_0033_0033.jpg 1 9 33 33 33
0203_0030_0050_0034_0034.jpg 1 30 50 34 34
0204_0045_0060_0032_0032.jpg 1 45 60 32 32
0205_0025_0016_0062_0062.jpg 1 25 16 62 62
0206_0038_0018_0056_0056.jpg 1 38 18 56 56
0207_0028_0046_0045_0045.jpg 1 28 46 45 45
0208_0021_0004_0065_0065.jpg 1 21 4 65 65
0209_0034_0028_0028_0028.jpg 1 34 28 28 28
0210_0024_0012_0035_0035.jpg 1 24 12 35 35
0211_0039_0023_0030_0030.jpg 1 39 23 30 30
0212_0007_0041_0052_0052.jpg 1 7 41 52 52
0213_0008_0031_0039_0039.jpg 1 8 31 39 39
0214_0043_0054_0025_0025.jpg 1 43 54 25 25
0215_0040_0036_0040_0040.jpg 1 40 36 40 40
0216_0034_0029_0047_0047.jpg 1 34 29 47 47
0217_0025_0016_0067_0067.jpg 1 25 16 67 67
0218_0020_0040_0030_0030.jpg 1 20 40 30 30
0219_0007_0014_0062_0062.jpg 1 7 14 62 62
0220_0023_0032_0035_0035.jpg 1 23 32 35 35
0221_0038_0037_0057_0057.jpg 1 38 37 57 57
0222_0023_0043_0039_0039.jpg 1 23 43 39 39
0223_0033_0029_0061_0061.jpg 1 33 29 61 61
0224_0012_0034_0061_0061.jpg 1 12 34 61 61
0225_0020_0027_0068_0068.jpg 1 20 27 68 68
0226_0025_0026_0068_0068.jpg 1 25 26 68 68
0227_0056_0034_0026_0026.jpg 1 56 34 26 26
0228_0022_0022_0060_0060.jpg 1 22 22 60 60
0229_0019_0016_0055_0055.jpg 1 19 16 55 55
0230_0003_0018_0065_0065.jpg 1 3 18 65 65
0231_0016_0006_0055_0055.jpg 1 16 6 55 55
0232_0022_0027_0057_0057.jpg 1 22 27 57 57
0233_0014_0040_0024_0024.jpg 1 14 40 24 24
0234_0023_0014_0065_0065.jpg 1 23 14 65 65
0235_0032_0014_0041_0041.jpg 1 32 14 41 41
0236_0036_0045_0028_0028.jpg 1 36 45 28 28
0237_0043_0032_0035_0035.jpg 1 43 32 35 35
0238_0025_0030_0051_0051.jpg 1 25 30 51 51
0239_0054_0055_0038_0038.jpg 1 54 55 38 38
0240_0027_0034_0048_0048.jpg 1 27 34 48 48
0241_0020_0035_0043_0043.jpg 1 20 35 43 43
0242_0038_0019_0048_0048.jpg 1 38 19 48 48
0243_0027_0021_0068_0068.jpg 1 27 21 68 68
0244_0037_0033_0042_0042.jpg 1 37 33 42 42
0245_0047_0020_0028_0028.jpg 1 47 20 28 28
0246_0010_0048_0032_0032.jpg 1 10 48 32 32
0247_0030_0059_0033_0033.jpg 1 30 59 33 33
0248_0030_0040_0050_0050.jpg 1 30 40 50 50
0249_0022_0031_0059_0059.jpg 1 22 31 59 59
0250_0008_0023_0060_0060.jpg 1 8 23 60 60
0251_0023_0010_0034_0034.jpg 1 23 10 34 34
0252_0016_0052_0026_0026.jpg 1 16 52 26 26
0253_0023_0023_0055_0055.jpg 1 23 23 55 55
0254_0028_0042_0028_0028.jpg 1 28 42 28 28
0255_0016_0050_0030_0030.jpg 1 16 50 30 30
0256_0019_0014_0039_0039.jpg 1 19 14 39 39
0257_0026_0018_0063_0063.jpg 1 26 18 63 63
0258_0029_0012_0061_0061.jpg 1 29 12 61 61
0259_0032_0009_0033_0033.jpg 1 32 9 33 33
0260_0018_0027_0031_0031.jpg 1 18 27 31 31
0261_0026_0020_0063_0063.jpg 1 26 20 63 63
0262_0037_0034_0054_0054.jpg 1 37 34 54 54
0263_0004_0006_0061_0061.jpg 1 4 6 61 61
0264_0023_0021_0027_0027.jpg 1 23 21 27 27
0265_0028_0009_0058_0058.jpg 1 28 9 58 58
0266_0035_0007_0049_0049.jpg 1 35 7 49 49
0267_0023_0023_0038_0038.jpg 1 23 23 38 38
0268_0006_0026_0045_0045.jpg 1 6 26 45 45
0269_0026_0019_0052_0052.jpg 1 26 19 52 52
0270_0006_0008_0045_0045.jpg 1 6 8 45 45
0271_0010_0013_0038_0038.jpg 1 10 13 38 38
0272_0003_0009_0068_0068.jpg 1 3 9 68 68
0273_0030_0044_0039_0039.jpg 1 30 44 39 39
0274_0055_0033_0034_0034.jpg 1 55 33 34 34
0275_0032_0027_0041_0041.jpg 1 32 27 41 41
0276_0008_0008_0050_0050.jpg 1 8 8 50 50
0277_0049_0021_0034_0034.jpg 1 49 21 34 34
0278_0019_0015_0065_0065.jpg 1 19 15 65 65
0279_0015_0030_0058_0058.jpg 1 15 30 58 58
0280_0027_0014_0066_0066.jpg 1 27 14 66 66
0281_0027_0019_0044_0044.jpg 1 27 19 44 44
0282_0049_0049_0038_0038.jpg 1 49 49 38 38
0283_0015_0008_0047_0047.jpg 1 15 8 47 47
0284_0009_0024_0036_0036.jpg 1 9 24 36 36
0285_0020_0020_0064_0064.jpg 1 20 20 64 64
0286_0033_0027_0062_0062.jpg 1 33 27 62 62
0287_0017_0019_0046_0046.jpg 1 17 19 46 46
0288_0031_0051_0027_0027.jpg 1 31 51 27 27
0289_0039_0059_0027_0027.jpg 1 39 59 27 27
0290_0022_0026_0062_0062.jpg 1 22 26 62 62
0291_0052_0008_0037_0037.jpg 1 52 8 37 37
0292_0023_0022_0057_0057.jpg 1 23 22 57 57
0293_0022_0027_0066_0066.jpg 1 22 27 66 66
0294_0020_0006_0047_0047.jpg 1 20 6 47 47
0295_0023_0007_0048_0048.jpg 1 23 7 48 48
0296_0035_0042_0042_0042.jpg 1 35 42 42 42
0297_0027_0041_0024_0024.jpg 1 27 41 24 24
0298_0007_0019_0049_0049.jpg 1 7 19 49 49
0299_0060_0037_0029_0029.jpg 1 60 37 29 29
0300_0016_0044_0050_0050.jpg 1 16 44 50 50
0301_0035_0051_0040_0040.jpg 1 35 51 40 40
0302_0059_0034_0032_0032.jpg 1 59 34 32 32
0303_0014_0013_0039_0039.jpg 1 14 13 39 39
0304_0020_0020_0029_0029.jpg 1 20 20 29 29
0305_0044_0027_0046_0046.jpg 1 44 27 46 46
0306_0008_0018_0035_0035.jpg 1 8 18 35 35
0307_0023_0046_0036_0036.jpg 1 23 46 36 36
0308_0016_0023_0058_0058.jpg 1 16 23 58 58
0309_0014_0044_0037_0037.jpg 1 14 44 37 37
0310_0020_0021_0060_0060.jpg 1 20 21 60 60
0311_0050_0048_0035_0035.jpg 1 50 48 35 35
0312_0009_0039_0040_0040.jpg 1 9 39 40 40
0313_0028_0011_0035_0035.jpg 1 28 11 35 35
0314_0041_0013_0040_0040.jpg 1 41 13 40 40
0315_0007_0028_0067_0067.jpg 1 7 28 67 67
0316_0027_0017_0024_0024.jpg 1 27 17 24 24
0317_0007_0017_0066_0066.jpg 1 7 17 66 66
0318_0021_0028_0048_0048.jpg 1 21 28 48 48
0319_0039_0038_0053_0053.jpg 1 39 38 53 53
0320_0010_0031_0031_0031.jpg 1 10 31 31 31
0321_0006_0006_0068_0068.jpg 1 6 6 68 68
0322_0026_0025_0063_0063.jpg 1 26 25 63 63
0323_0003_0021_0068_0068.jpg 1 3 21 68 68
0324_0034_0021_0046_0046.jpg 1 34 21 46 46
0325_0009_0045_0028_0028.jpg 1 9 45 28 28
0326_0026_0029_0031_0031.jpg 1 26 29 31 31
0327_0043_0024_0025_0025.jpg 1 43 24 25 25
0328_0045_0061_0025_0025.jpg 1 45 61 25 25
0329_0036_0009_0046_0046.jpg 1 36 9 46 46
0330_0052_0054_0033_0033.jpg 1 52 54 33 33
0331_0013_0020_0068_0068.jpg 1 13 20 68 68
0332_0034_0034_0052_0052.jpg 1 34 34 52 52
0333_0017_0042_0045_0045.jpg 1 17 42 45 45
0334_0020_0018_0027_0027.jpg 1 20 18 27 27
0335_0027_0021_0025_0025.jpg 1 27 21 25 25
0336_0026_0029_0066_0066.jpg 1 26 29 66 66
0337_0032_0017_0048_0048.jpg 1 32 17 48 48
0338_0035_0024_0057_0057.jpg 1 35 24 57 57
0339_0045_0052_0029_0029.jpg 1 45 52 29 29
0340_0031_0033_0061_0061.jpg 1 31 33 61 61
0341_0034_0016_0061_0061.jpg 1 34 16 61 61
0342_0007_0026_0057_0057.jpg 1 7 26 57 57
0343_0019_0014_0025_0025.jpg 1 19 14 25 25
0344_0029_0024_0063_0063.jpg 1 29 24 63 63
0345_0021_0015_0024_0024.jpg 1 21 15 24 24
0346_0012_0013_0053_0053.jpg 1 12 13 53 53
0347_0014_0028_0027_0027.jpg 1 14 28 27 27
0348_0006_0023_0066_0066.jpg 1 6 23 66 66
0349_0008_0013_0045_0045.jpg 1 8 13 45 45
0350_0016_0043_0030_0030.jpg 1 16 43 30 30
0351_0040_0008_0032_0032.jpg 1 40 8 32 32
0352_0019_0026_0068_0068.jpg 1 19 26 68 68
0353_0043_0034_0036_0036.jpg 1 43 34 36 36
0354_0039_0029_0034_0034.jpg 1 39 29 34 34
0355_0029_0025_0048_0048.jpg 1 29 25 48 48
0356_0027_0020_0059_0059.jpg 1 27 20 59 59
0357_0037_0026_0046_0046.jpg 1 37 26 46 46
0358_0006_0024_0040_0040.jpg 1 6 24 40 40
0359_0026_0026_0057_0057.jpg 1 26 26 57 57
0360_0041_0016_0046_0046.jpg 1 41 16 46 46
0361_0045_0037_0044_0044.jpg 1 45 37 44 44
0362_0033_0026_0039_0039.jpg 1 33 26 39 39
0363_0023_0009_0067_0067.jpg 1 23 9 67 67
0364_0016_0025_0064_0064.jpg 1 16 25 64 64
0365_0007_0013_0065_0065.jpg 1 7 13 65 65
0366_0028_0044_0042_0042.jpg 1 28 44 42 42
0367_0006_0029_0061_0061.jpg 1 6 29 61 61
0368_0058_0048_0031_0031.jpg 1 58 48 31 31
0369_0032_0026_0046_0046.jpg 1 32 26 46 46
0370_0033_0057_0031_0031.jpg 1 33 57 31 31
0371_0044_0049_0035_0035.jpg 1 44 49 35 35
0372_0063_0027_0028_0028.jpg 1 63 27 28 28
0373_0027_0059_0030_0030.jpg 1 27 59 30 30
0374_0053_0007_0036_0036.jpg 1 53 7 36 36
0375_0040_0007_0055_0055.jpg 1 40 7 55 55
0376_0026_0004_0067_0067.jpg 1 26 4 67 67
0377_0020_0006_0069_0069.jpg 1 20 6 69 69
0378_0040_0050_0029_0029.jpg 1 40 50 29 29
0379_0020_0031_0059_0059.jpg 1 20 31 59 59
0380_0048_0021_0035_0035.jpg 1 48 21 35 35
0381_0028_0036_0053_0053.jpg 1 28 36 53 53
0382_0016_0008_0065_0065.jpg 1 16 8 65 65
0383_0033_0006_0063_0063.jpg 1 33 6 63 63
0384_0022_0019_0066_0066.jpg 1 22 19 66 66
0385_0009_0029_0053_0053.jpg 1 9 29 53 53
0386_0018_0028_0048_0048.jpg 1 18 28 48 48
0387_0016_0027_0063_0063.jpg 1 16 27 63 63
0388_0046_0041_0044_0044.jpg 1 46 41 44 44
0389_0005_0033_0053_0053.jpg 1 5 33 53 53
0390_0031_0011_0065_0065.jpg 1 31 11 65 65
0391_0053_0029_0040_0040.jpg 1 53 29 40 40
0392_0036_0022_0049_0049.jpg 1 36 22 49 49
0393_0009_0009_0037_0037.jpg 1 9 9 37 37
0394_0026_0017_0067_0067.jpg 1 26 17 67 67
0395_0023_0016_0054_0054.jpg 1 23 16 54 54
0396_0008_0038_0055_0055.jpg 1 8 38 55 55
0397_0038_0052_0040_0040.jpg 1 38 52 40 40
0398_0053_0031_0034_0034.jpg 1 53 31 34 34
0399_0021_0023_0064_0064.jpg 1 21 23 64 64
0400_0024_0037_0041_0041.jpg 1 24 37 41 41
0401_0020_0009_0066_0066.jpg 1 20 9 66 66
0402_0032_0039_0047_0047.jpg 1 32 39 47 47
0403_0027_0008_0069_0069.jpg 1 27 8 69 69
0404_0003_0004_0068_0068.jpg 1 3 4 68 68
0405_0018_0025_0042_0042.jpg 1 18 25 42 42
0406_0023_0029_0064_0064.jpg 1 23 29 64 64
0407_0036_0008_0031_0031.jpg 1 36 8 31 31
0408_0036_0033_0028_0028.jpg 1 36 33 28 28
0409_0039_0018_0038_0038.jpg 1 39 18 38 38
0410_0049_0051_0027_0027.jpg 1 49 51 27 27
0411_0044_0032_0031_0031.jpg 1 44 32 31 31
0412_0015_0011_0067_0067.jpg 1 15 11 67 67
0413_0009_0012_0035_0035.jpg 1 9 12 35 35
0414_0016_0020_0065_0065.jpg 1 16 20 65 65
0415_0015_0013_0061_0061.jpg 1 15 13 61 61
0416_0030_0025_0061_0061.jpg 1 30 25 61 61
0417_0030_0011_0049_0049.jpg 1 30 11 49 49
0418_0014_0005_0062_0062.jpg 1 14 5 62 62
0419_0009_0024_0052_0052.jpg 1 9 24 52 52
0420_0030_0045_0039_0039.jpg 1 30 45 39 39
0421_0009_0038_0046_0046.jpg 1 9 38 46 46
0422_0033_0036_0044_0044.jpg 1 33 36 44 44
0423_0024_0014_0064_0064.jpg 1 24 14 64 64
0424_0011_0031_0057_0057.jpg 1 11 31 57 57
0425_0037_0013_0044_0044.jpg 1 37 13 44 44
0426_0031_0026_0031_0031.jpg 1 31 26 31 31
0427_0044_0061_0024_0024.jpg 1 44 61 24 24
0428_0056_0054_0025_0025.jpg 1 56 54 25 25
0429_0034_0039_0027_0027.jpg 1 34 39 27 27
0430_0050_0042_0032_0032.jpg 1 50 42 32 32
0431_0061_0020_0027_0027.jpg 1 61 20 27 27
0432_0023_0029_0058_0058.jpg 1 23 29 58 58
0433_0032_0006_0046_0046.jpg 1 32 6 46 46
0434_0011_0029_0061_0061.jpg 1 11 29 61 61
0435_0059_0026_0024_0024.jpg 1 59 26 24 24
0436_0006_0014_0057_0057.jpg 1 6 14 57 57
0437_0023_0005_0044_0044.jpg 1 23 5 44 44
0438_0023_0059_0029_0029.jpg 1 23 59 29 29
0439_0028_0017_0061_0061.jpg 1 28 17 61 61
0440_0023_0049_0040_0040.jpg 1 23 49 40 40
0441_0014_0042_0048_0048.jpg 1 14 42 48 48
0442_0006_0019_0068_0068.jpg 1 6 19 68 68
0443_0038_0032_0035_0035.jpg 1 38 32 35 35
0444_0017_0028_0055_0055.jpg 1 17 28 55 55
0445_0030_0028_0062_0062.jpg 1 30 28 62 62
0446_0014_0008_0066_0066.jpg 1 14 8 66 66
0447_0008_0022_0056_0056.jpg 1 8 22 56 56
0448_0038_0018_0034_0034.jpg 1 38 18 34 34
0449_0004_0024_0067_0067.jpg 1 4 24 67 67
0450_0052_0022_0030_0030.jpg 1 52 22 30 30
0451_0022_0014_0049_0049.jpg 1 22 14 49 49
0452_0009_0055_0036_0036.jpg 1 9 55 36 36
0453_0021_0022_0060_0060.jpg 1 21 22 60 60
0454_0005_0049_0041_0041.jpg 1 5 49 41 41
0455_0011_0037_0049_0049.jpg 1 11 37 49 49
0456_0034_0014_0027_0027.jpg 1 34 14 27 27
0457_0037_0019_0057_0057.jpg 1 37 19 57 57
0458_0011_0021_0064_0064.jpg 1 11 21 64 64
0459_0016_0043_0024_0024.jpg 1 16 43 24 24
0460_0020_0018_0045_0045.jpg 1 20 18 45 45
0461_0033_0019_0050_0050.jpg 1 33 19 50 50
0462_0015_0024_0064_0064.jpg 1 15 24 64 64
0463_0009_0026_0051_0051.jpg 1 9 26 51 51
0464_0013_0026_0065_0065.jpg 1 13 26 65 65
0465_0020_0018_0061_0061.jpg 1 20 18 61 61
0466_0045_0049_0043_0043.jpg 1 45 49 43 43
0467_0039_0031_0040_0040.jpg 1 39 31 40 40
0468_0014_0018_0058_0058.jpg 1 14 18 58 58
0469_0021_0053_0026_0026.jpg 1 21 53 26 26
0470_0032_0046_0041_0041.jpg 1 32 46 41 41
0471_0045_0022_0036_0036.jpg 1 45 22 36 36
0472_0023_0012_0060_0060.jpg 1 23 12 60 60
0473_0007_0006_0061_0061.jpg 1 7 6 61 61
0474_0017_0040_0053_0053.jpg 1 17 40 53 53
0475_0006_0011_0051_0051.jpg 1 6 11 51 51
0476_0021_0022_0059_0059.jpg 1 21 22 59 59
0477_0008_0055_0027_0027.jpg 1 8 55 27 27
0478_0005_0006_0064_0064.jpg 1 5 6 64 64
0479_0008_0021_0038_0038.jpg 1 8 21 38 38
0480_0012_0044_0044_0044.jpg 1 12 44 44 44
0481_0017_0033_0047_0047.jpg 1 17 33 47 47
0482_0052_0041_0038_0038.jpg 1 52 41 38 38
0483_0053_0053_0029_0029.jpg 1 53 53 29 29
0484_0024_0023_0069_0069.jpg 1 24 23 69 69
0485_0026_0031_0064_0064.jpg 1 26 31 64 64
0486_0037_0023_0048_0048.jpg 1 37 23 48 48
0487_0028_0055_0025_0025.jpg 1 28 55 25 25
0488_0007_0024_0068_0068.jpg 1 7 24 68 68
0489_0050_0047_0037_0037.jpg 1 50 47 37 37
0490_0041_0010_0034_0034.jpg 1 41 10 34 34
0491_0039_0038_0052_0052.jpg 1 39 38 52 52
0492_0019_0034_0058_0058.jpg 1 19 34 58 58
0493_0028_0013_0052_0052.jpg 1 28 13 52 52
0494_0037_0038_0030_0030.jpg 1 37 38 30 30
0495_0037_0067_0025_0025.jpg 1 37 67 25 25
0496_0050_0032_0034_0034.jpg 1 50 32 34 34
0497_0016_0015_0065_0065.jpg 1 16 15 65 65
0498_0040_0033_0032_0032.jpg 1 40 33 32 32
0499_0016_0006_0055_0055.jpg 1 16 6 55 55
0500_0023_0005_0068_0068.jpg 1 23 5 68 68
0501_0021_0029_0049_0049.jpg 1 21 29 49 49
0502_0046_0011_0046_0046.jpg 1 46 11 46 46
0503_0014_0021_0067_0067.jpg 1 14 21 67 67
0504_0013_0022_0045_0045.jpg 1 13 22 45 45
0505_0031_0043_0050_0050.jpg 1 31 43 50 50
0506_0010_0014_0060_0060.jpg 1 10 14 60 60
0507_0021_0026_0067_0067.jpg 1 21 26 67 67
0508_0043_0014_0034_0034.jpg 1 43 14 34 34
0509_0038_0037_0041_0041.jpg 1 38 37 41 41
0510_0022_0011_0049_0049.jpg 1 22 11 49 49
0511_0019_0030_0049_0049.jpg 1 19 30 49 49
0512_0019_0016_0053_0053.jpg 1 19 16 53 53
0513_0044_0010_0042_0042.jpg 1 44 10 42 42
0514_0011_0027_0030_0030.jpg 1 11 27 30 30
0515_0040_0055_0031_0031.jpg 1 40 55 31 31
0516_0037_0011_0055_0055.jpg 1 37 11 55 55
0517_0008_0039_0051_0051.jpg 1 8 39 51 51
0518_0031_0031_0062_0062.jpg 1 31 31 62 62
0519_0018_0014_0063_0063.jpg 1 18 14 63 63
0520_0006_0029_0044_0044.jpg 1 6 29 44 44
0521_0007_0028_0065_0065.jpg 1 7 28 65 65
0522_0045_0030_0036_0036.jpg 1 45 30 36 36
0523_0014_0021_0056_0056.jpg 1 14 21 56 56
0524_0023_0008_0049_0049.jpg 1 23 8 49 49
0525_0007_0015_0054_0054.jpg 1 7 15 54 54
0526_0026_0038_0049_0049.jpg 1 26 38 49 49
0527_0033_0010_0053_0053.jpg 1 33 10 53 53
0528_0030_0027_0066_0066.jpg 1 30 27 66 66
0529_0015_0024_0066_0066.jpg 1 15 24 66 66
0530_0040_0030_0038_0038.jpg 1 40 30 38 38
0531_0010_0013_0054_0054.jpg 1 10 13 54 54
0532_0005_0016_0062_0062.jpg 1 5 16 62 62
0533_0049_0020_0040_0040.jpg 1 49 20 40 40
0534_0030_0028_0065_0065.jpg 1 30 28 65 65
0535_0025_0014_0067_0067.jpg 1 25 14 67 67
0536_0032_0017_0040_0040.jpg 1 32 17 40 40
0537_0039_0011_0042_0042.jpg 1 39 11 42 42
0538_0009_0013_0066_0066.jpg 1 9 13 66 66
0539_0041_0037_0034_0034.jpg 1 41 37 34 34
0540_0053_0018_0037_0037.jpg 1 53 18 37 37
0541_0054_0009_0034_0034.jpg 1 54 9 34 34
0542_0027_0011_0031_0031.jpg 1 27 11 31 31
0543_0043_0039_0028_0028.jpg 1 43 39 28 28
0544_0010_0012_0051_0051.jpg 1 10 12 51 51
0545_0027_0005_0058_0058.jpg 1 27 5 58 58
0546_0013_0007_0056_0056.jpg 1 13 7 56 56
0547_0024_0022_0033_0033.jpg 1 24 22 33 33
0548_0019_0004_0064_0064.jpg 1 19 4 64 64
0549_0024_0023_0067_0067.jpg 1 24 23 67 67
0550_0035_0045_0028_0028.jpg 1 35 45 28 28
0551_0036_0035_0043_0043.jpg 1 36 35 43 43
0552_0056_0053_0024_0024.jpg 1 56 53 24 24
0553_0043_0021_0047_0047.jpg 1 43 21 47 47
0554_0008_0007_0066_0066.jpg 1 8 7 66 66
0555_0013_0013_0046_0046.jpg 1 13 13 46 46
0556_0025_0026_0037_0037.jpg 1 25 26 37 37
0557_0013_0024_0051_0051.jpg 1 13 24 51 51
0558_0055_0046_0037_0037.jpg 1 55 46 37 37
0559_0013_0039_0036_0036.jpg 1 13 39 36 36
0560_0040_0036_0049_0049.jpg 1 40 36 49 49
0561_0035_0026_0045_0045.jpg 1 35 26 45 45
0562_0025_0019_0062_0062.jpg 1 25 19 62 62
0563_0011_0038_0047_0047.jpg 1 11 38 47 47
0564_0034_0044_0024_0024.jpg 1 34 44 24 24
0565_0026_0027_0069_0069.jpg 1 26 27 69 69
0566_0005_0013_0053_0053.jpg 1 5 13 53 53
0567_0014_0024_0062_0062.jpg 1 14 24 62 62
0568_0029_0020_0051_0051.jpg 1 29 20 51 51
0569_0007_0026_0068_0068.jpg 1 7 26 68 68
0570_0025_0034_0039_0039.jpg 1 25 34 39 39
0571_0035_0029_0059_0059.jpg 1 35 29 59 59
0572_0007_0022_0051_0051.jpg 1 7 22 51 51
0573_0018_0022_0065_0065.jpg 1 18 22 65 65
0574_0027_0029_0039_0039.jpg 1 27 29 39 39
0575_0009_0010_0058_0058.jpg 1 9 10 58 58
0576_0052_0025_0042_0042.jpg 1 52 25 42 42
0577_0038_0015_0041_0041.jpg 1 38 15 41 41
0578_0004_0014_0067_0067.jpg 1 4 14 67 67
0579_0017_0037_0052_0052.jpg 1 17 37 52 52
0580_0008_0051_0024_0024.jpg 1 8 51 24 24
0581_0019_0017_0044_0044.jpg 1 19 17 44 44
0582_0035_0006_0043_0043.jpg 1 35 6 43 43
0583_0006_0050_0039_0039.jpg 1 6 50 39 39
0584_0036_0023_0055_0055.jpg 1 36 23 55 55
0585_0018_0026_0054_0054.jpg 1 18 26 54 54
0586_0019_0007_0052_0052.jpg 1 19 7 52 52
0587_0054_0019_0032_0032.jpg 1 54 19 32 32
0588_0012_0006_0058_0058.jpg 1 12 6 58 58
0589_0037_0032_0056_0056.jpg 1 37 32 56 56
0590_0028_0006_0065_0065.jpg 1 28 6 65 65
0591_0030_0008_0026_0026.jpg 1 30 8 26 26
0592_0037_0023_0057_0057.jpg 1 37 23 57 57
0593_0025_0034_0053_0053.jpg 1 25 34 53 53
0594_0033_0028_0031_0031.jpg 1 33 28 31 31
0595_0010_0019_0036_0036.jpg 1 10 19 36 36
0596_0048_0009_0046_0046.jpg 1 48 9 46 46
0597_0031_0052_0025_0025.jpg 1 31 52 25 25
0598_0025_0017_0066_0066.jpg 1 25 17 66 66
0599_0016_0012_0069_0069.jpg 1 16 12 69 69
0600_0026_0011_0069_0069.jpg 1 26 11 69 69
0601_0034_0015_0062_0062.jpg 1 34 15 62 62
0602_0026_0013_0042_0042.jpg 1 26 13 42 42
0603_0005_0038_0045_0045.jpg 1 5 38 45 45
0604_0030_0029_0054_0054.jpg 1 30 29 54 54
0605_0006_0043_0048_0048.jpg 1 6 43 48 48
0606_0030_0022_0039_0039.jpg 1 30 22 39 39
0607_0017_0015_0069_0069.jpg 1 17 15 69 69
0608_0031_0022_0054_0054.jpg 1 31 22 54 54
0609_0033_0007_0059_0059.jpg 1 33 7 59 59
0610_0032_0049_0042_0042.jpg 1 32 49 42 42
0611_0012_0019_0040_0040.jpg 1 12 19 40 40
0612_0024_0025_0031_0031.jpg 1 24 25 31 31
0613_0020_0014_0069_0069.jpg 1 20 14 69 69
0614_0021_0011_0024_0024.jpg 1 21 11 24 24
0615_0016_0044_0046_0046.jpg 1 16 44 46 46
0616_0045_0012_0030_0030.jpg 1 45 12 30 30
0617_0009_0015_0060_0060.jpg 1 9 15 60 60
0618_0051_0016_0035_0035.jpg 1 51 16 35 35
0619_0051_0019_0038_0038.jpg 1 51 19 38 38
0620_0020_0024_0060_0060.jpg 1 20 24 60 60
0621_0053_0051_0029_0029.jpg 1 53 51 29 29
0622_0032_0037_0053_0053.jpg 1 32 37 53 53
0623_0013_0045_0039_0039.jpg 1 13 45 39 39
0624_0028_0021_0055_0055.jpg 1 28 21 55 55
0625_0026_0025_0057_0057.jpg 1 26 25 57 57
0626_0014_0025_0050_0050.jpg 1 14 25 50 50
0627_0032_0045_0043_0043.jpg 1 32 45 43 43
0628_0020_0055_0034_0034.jpg 1 20 55 34 34
0629_0013_0029_0063_0063.jpg 1 13 29 63 63
0630_0042_0044_0050_0050.jpg 1 42 44 50 50
0631_0017_0012_0057_0057.jpg 1 17 12 57 57
0632_0025_0017_0059_0059.jpg 1 25 17 59 59
0633_0029_0021_0031_0031.jpg 1 29 21 31 31
0634_0032_0017_0049_0049.jpg 1 32 17 49 49
0635_0020_0016_0056_0056.jpg 1 20 16 56 56
0636_0023_0041_0050_0050.jpg 1 23 41 50 50
0637_0007_0057_0031_0031.jpg 1 7 57 31 31
0638_0018_0034_0053_0053.jpg 1 18 34 53 53
0639_0019_0042_0051_0051.jpg 1 19 42 51 51
0640_0030_0012_0032_0032.jpg 1 30 12 32 32
0641_0045_0058_0033_0033.jpg 1 45 58 33 33
0642_0047_0013_0045_0045.jpg 1 47 13 45 45
0643_0019_0010_0049_0049.jpg 1 19 10 49 49
0644_0016_0012_0069_0069.jpg 1 16 12 69 69
0645_0018_0061_0028_0028.jpg 1 18 61 28 28
0646_0057_0042_0027_0027.jpg 1 57 42 27 27
0647_0017_0011_0060_0060.jpg 1 17 11 60 60
0648_0015_0008_0035_0035.jpg 1 15 8 35 35
0649_0003_0003_0068_0068.jpg 1 3 3 68 68
0650_0051_0026_0029_0029.jpg 1 51 26 29 29
0651_0010_0018_0057_0057.jpg 1 10 18 57 57
0652_0015_0035_0056_0056.jpg 1 15 35 56 56
0653_0015_0025_0053_0053.jpg 1 15 25 53 53
0654_0048_0043_0035_0035.jpg 1 48 43 35 35
0655_0010_0016_0056_0056.jpg 1 10 16 56 56
0656_0018_0022_0064_0064.jpg 1 18 22 64 64
0657_0058_0014_0030_0030.jpg 1 58 14 30 30
0658_0043_0055_0037_0037.jpg 1 43 55 37 37
0659_0029_0022_0055_0055.jpg 1 29 22 55 55
0660_0015_0019_0034_0034.jpg 1 15 19 34 34
0661_0026_0011_0030_0030.jpg 1 26 11 30 30
0662_0050_0035_0032_0032.jpg 1 50 35 32 32
0663_0034_0046_0042_0042.jpg 1 34 46 42 42
0664_0014_0012_0067_0067.jpg 1 14 12 67 67
0665_0042_0031_0052_0052.jpg 1 42 31 52 52
0666_0016_0016_0036_0036.jpg 1 16 16 36 36
0667_0045_0052_0041_0041.jpg 1 45 52 41 41
0668_0006_0033_0057_0057.jpg 1 6 33 57 57
0669_0044_0061_0031_0031.jpg 1 44 61 31 31
0670_0021_0013_0033_0033.jpg 1 21 13 33 33
0671_0013_0021_0065_0065.jpg 1 13 21 65 65
0672_0043_0057_0027_0027.jpg 1 43 57 27 27
0673_0019_0026_0062_0062.jpg 1 19 26 62 62
0674_0035_0039_0054_0054.jpg 1 35 39 54 54
0675_0030_0045_0048_0048.jpg 1 30 45 48 48
0676_0023_0056_0035_0035.jpg 1 23 56 35 35
0677_0011_0031_0054_0054.jpg 1 11 31 54 54
0678_0033_0041_0050_0050.jpg 1 33 41 50 50
0679_0022_0023_0028_0028.jpg 1 22 23 28 28
0680_0022_0036_0030_0030.jpg 1 22 36 30 30
0681_0022_0053_0025_0025.jpg 1 22 53 25 25
0682_0012_0042_0046_0046.jpg 1 12 42 46 46
0683_0012_0030_0061_0061.jpg 1 12 30 61 61
0684_0022_0020_0065_0065.jpg 1 22 20 65 65
0685_0005_0023_0063_0063.jpg 1 5 23 63 63
0686_0029_0027_0058_0058.jpg 1 29 27 58 58
0687_0046_0022_0047_0047.jpg 1 46 22 47 47
0688_0026_0018_0026_0026.jpg 1 26 18 26 26
0689_0028_0012_0058_0058.jpg 1 28 12 58 58
0690_0063_0062_0025_0025.jpg 1 63 62 25 25
0691_0006_0012_0049_0049.jpg 1 6 12 49 49
0692_0053_0043_0031_0031.jpg 1 53 43 31 31
0693_0037_0013_0057_0057.jpg 1 37 13 57 57
0694_0018_0011_0054_0054.jpg 1 18 11 54 54
0695_0063_0022_0024_0024.jpg 1 63 22 24 24
0696_0062_0065_0027_0027.jpg 1 62 65 27 27
0697_0059_0011_0030_0030.jpg 1 59 11 30 30
0698_0037_0017_0058_0058.jpg 1 37 17 58 58
0699_0005_0030_0055_0055.jpg 1 5 30 55 55
0700_0021_0005_0060_0060.jpg 1 21 5 60 60
0701_0007_0033_0051_0051.jpg 1 7 33 51 51
0702_0011_0008_0063_0063.jpg 1 11 8 63 63
0703_0054_0050_0035_0035.jpg 1 54 50 35 35
0704_0031_0011_0027_0027.jpg 1 31 11 27 27
0705_0013_0040_0052_0052.jpg 1 13 40 52 52
0706_0028_0029_0032_0032.jpg 1 28 29 32 32
0707_0034_0009_0048_0048.jpg 1 34 9 48 48
0708_0031_0023_0060_0060.jpg 1 31 23 60 60
0709_0013_0009_0060_0060.jpg 1 13 9 60 60
0710_0022_0036_0056_0056.jpg 1 22 36 56 56
0711_0007_0027_0066_0066.jpg 1 7 27 66 66
0712_0029_0033_0048_0048.jpg 1 29 33 48 48
0713_0033_0040_0045_0045.jpg 1 33 40 45 45
0714_0013_0011_0064_0064.jpg 1 13 11 64 64
0715_0006_0006_0066_0066.jpg 1 6 6 66 66
0716_0005_0019_0064_0064.jpg 1 5 19 64 64
0717_0019_0013_0056_0056.jpg 1 19 13 56 56
0718_0010_0022_0058_0058.jpg 1 10 22 58 58
0719_0016_0017_0025_0025.jpg 1 16 17 25 25
0720_0022_0028_0051_0051.jpg 1 22 28 51 51
0721_0021_0015_0050_0050.jpg 1 21 15 50 50
0722_0015_0017_0052_0052.jpg 1 15 17 52 52
0723_0022_0038_0038_0038.jpg 1 22 38 38 38
0724_0026_0036_0032_0032.jpg 1 26 36 32 32
0725_0004_0010_0068_0068.jpg 1 4 10 68 68
0726_0026_0011_0069_0069.jpg 1 26 11 69 69
0727_0008_0035_0059_0059.jpg 1 8 35 59 59
0728_0029_0006_0062_0062.jpg 1 29 6 62 62
0729_0010_0022_0033_0033.jpg 1 10 22 33 33
0730_0047_0055_0032_0032.jpg 1 47 55 32 32
0731_0029_0027_0066_0066.jpg 1 29 27 66 66
0732_0030_0040_0050_0050.jpg 1 30 40 50 50
0733_0025_0013_0064_0064.jpg 1 25 13 64 64
0734_0051_0037_0030_0030.jpg 1 51 37 30 30
0735_0016_0040_0044_0044.jpg 1 16 40 44 44
0736_0046_0025_0042_0042.jpg 1 46 25 42 42
0737_0012_0005_0068_0068.jpg 1 12 5 68 68
0738_0034_0022_0037_0037.jpg 1 34 22 37 37
0739_0032_0044_0046_0046.jpg 1 32 44 46 46
0740_0047_0037_0026_0026.jpg 1 47 37 26 26
0741_0036_0061_0029_0029.jpg 1 36 61 29 29
0742_0007_0032_0026_0026.jpg 1 7 32 26 26
0743_0007_0017_0067_0067.jpg 1 7 17 67 67
0744_0014_0008_0049_0049.jpg 1 14 8 49 49
0745_0021_0036_0036_0036.jpg 1 21 36 36 36
0746_0040_0043_0032_0032.jpg 1 40 43 32 32
0747_0007_0012_0068_0068.jpg 1 7 12 68 68
0748_0021_0005_0052_0052.jpg 1 21 5 52 52
0749_0019_0030_0062_0062.jpg 1 19 30 62 62
0750_0016_0026_0066_0066.jpg 1 16 26 66 66
0751_0022_0022_0063_0063.jpg 1 22 22 63 63
0752_0033_0037_0054_0054.jpg 1 33 37 54 54
0753_0036_0024_0057_0057.jpg 1 36 24 57 57
0754_0016_0035_0028_0028.jpg 1 16 35 28 28
0755_0043_0043_0035_0035.jpg 1 43 43 35 35
0756_0029_0023_0054_0054.jpg 1 29 23 54 54
0757_0016_0019_0068_0068.jpg 1 16 19 68 68
0758_0048_0022_0030_0030.jpg 1 48 22 30 30
0759_0049_0038_0042_0042.jpg 1 49 38 42 42
0760_0020_0033_0059_0059.jpg 1 20 33 59 59
0761_0006_0020_0067_0067.jpg 1 6 20 67 67
0762_0045_0064_0028_0028.jpg 1 45 64 28 28
0763_0032_0023_0054_0054.jpg 1 32 23 54 54
0764_0026_0034_0044_0044.jpg 1 26 34 44 44
0765_0030_0037_0024_0024.jpg 1 30 37 24 24
0766_0048_0012_0038_0038.jpg 1 48 12 38 38
0767_0017_0019_0069_0069.jpg 1 17 19 69 69
0768_0022_0029_0058_0058.jpg 1 22 29 58 58
0769_0046_0043_0037_0037.jpg 1 46 43 37 37
0770_0036_0031_0028_0028.jpg 1 36 31 28 28
0771_0012_0015_0060_0060.jpg 1 12 15 60 60
0772_0008_0061_0030_0030.jpg 1 8 61 30 30
0773_0060_0055_0025_0025.jpg 1 60 55 25 25
0774_0043_0015_0024_0024.jpg 1 43 15 24 24
0775_0033_0012_0044_0044.jpg 1 33 12 44 44
0776_0049_0015_0043_0043.jpg 1 49 15 43 43
0777_0038_0031_0051_0051.jpg 1 38 31 51 51
0778_0055_0008_0037_0037.jpg 1 55 8 37 37
0779_0018_0025_0030_0030.jpg 1 18 25 30 30
0780_0016_0013_0055_0055.jpg 1 16 13 55 55
0781_0027_0018_0061_0061.jpg 1 27 18 61 61
0782_0020_0029_0061_0061.jpg 1 20 29 61 61
0783_0023_0006_0062_0062.jpg 1 23 6 62 62
0784_0030_0021_0029_0029.jpg 1 30 21 29 29
0785_0029_0016_0031_0031.jpg 1 29 16 31 31
0786_0028_0010_0052_0052.jpg 1 28 10 52 52
0787_0036_0037_0042_0042.jpg 1 36 37 42 42
0788_0056_0024_0024_0024.jpg 1 56 24 24 24
0789_0029_0028_0046_0046.jpg 1 29 28 46 46
0790_0024_0016_0065_0065.jpg 1 24 16 65 65
0791_0035_0046_0038_0038.jpg 1 35 46 38 38
0792_0027_0012_0024_0024.jpg 1 27 12 24 24
0793_0021_0054_0033_0033.jpg 1 21 54 33 33
0794_0018_0009_0068_0068.jpg 1 18 9 68 68
0795_0006_0019_0066_0066.jpg 1 6 19 66 66
0796_0018_0020_0058_0058.jpg 1 18 20 58 58
0797_0021_0040_0043_0043.jpg 1 21 40 43 43
0798_0013_0006_0068_0068.jpg 1 13 6 68 68
0799_0024_0013_0062_0062.jpg 1 24 13 62 62
0800_0032_0015_0046_0046.jpg 1 32 15 46 46
0801_0060_0059_0024_0024.jpg 1 60 59 24 24
0802_0026_0035_0057_0057.jpg 1 26 35 57 57
0803_0015_0027_0067_0067.jpg 1 15 27 67 67
0804_0010_0014_0051_0051.jpg 1 10 14 51 51
0805_0018_0023_0049_0049.jpg 1 18 23 49 49
0806_0017_0039_0045_0045.jpg 1 17 39 45 45
0807_0012_0041_0052_0052.jpg 1 12 41 52 52
0808_0015_0017_0049_0049.jpg 1 15 17 49 49
0809_0047_0029_0026_0026.jpg 1 47 29 26 26
0810_0044_0010_0025_0025.jpg 1 44 10 25 25
0811_0021_0016_0040_0040.jpg 1 21 16 40 40
0812_0004_0007_0068_0068.jpg 1 4 7 68 68
0813_0022_0019_0062_0062.jpg 1 22 19 62 62
0814_0024_0006_0043_0043.jpg 1 24 6 43 43
0815_0022_0021_0066_0066.jpg 1 22 21 66 66
0816_0057_0021_0030_0030.jpg 1 57 21 30 30
0817_0012_0006_0052_0052.jpg 1 12 6 52 52
0818_0052_0007_0039_0039.jpg 1 52 7 39 39
0819_0034_0051_0040_0040.jpg 1 34 51 40 40
0820_0010_0026_0040_0040.jpg 1 10 26 40 40
0821_0037_0043_0039_0039.jpg 1 37 43 39 39
0822_0048_0040_0043_0043.jpg 1 48 40 43 43
0823_0028_0019_0050_0050.jpg 1 28 19 50 50
0824_0014_0036_0046_0046.jpg 1 14 36 46 46
0825_0053_0048_0030_0030.jpg 1 53 48 30 30
0826_0032_0013_0058_0058.jpg 1 32 13 58 58
0827_0040_0007_0053_0053.jpg 1 40 7 53 53
0828_0042_0006_0037_0037.jpg 1 42 6 37 37
0829_0022_0021_0064_0064.jpg 1 22 21 64 64
0830_0031_0010_0044_0044.jpg 1 31 10 44 44
0831_0039_0034_0049_0049.jpg 1 39 34 49 49
0832_0025_0029_0035_0035.jpg 1 25 29 35 35
0833_0029_0027_0047_0047.jpg 1 29 27 47 47
0834_0015_0015_0044_0044.jpg 1 15 15 44 44
0835_0049_0056_0031_0031.jpg 1 49 56 31 31
0836_0021_0033_0053_0053.jpg 1 21 33 53 53
0837_0013_0016_0047_0047.jpg 1 13 16 47 47
0838_0043_0044_0046_0046.jpg 1 43 44 46 46
0839_0004_0005_0058_0058.jpg 1 4 5 58 58
0840_0008_0042_0034_0034.jpg 1 8 42 34 34
0841_0013_0020_0054_0054.jpg 1 13 20 54 54
0842_0025_0037_0050_0050.jpg 1 25 37 50 50
0843_0023_0013_0068_0068.jpg 1 23 13 68 68
0844_0026_0051_0029_0029.jpg 1 26 51 29 29
0845_0033_0023_0044_0044.jpg 1 33 23 44 44
0846_0030_0027_0066_0066.jpg 1 30 27 66 66
0847_0014_0035_0059_0059.jpg 1 14 35 59 59
0848_0048_0011_0029_0029.jpg 1 48 11 29 29
0849_0020_0046_0025_0025.jpg 1 20 46 25 25
0850_0018_0035_0055_0055.jpg 1 18 35 55 55
0851_0025_0025_0050_0050.jpg 1 25 25 50 50
0852_0028_0019_0032_0032.jpg 1 28 19 32 32
0853_0011_0007_0037_0037.jpg 1 11 7 37 37
0854_0015_0035_0057_0057.jpg 1 15 35 57 57
0855_0005_0028_0051_0051.jpg 1 5 28 51 51
0856_0026_0032_0054_0054.jpg 1 26 32 54 54
0857_0005_0004_0067_0067.jpg 1 5 4 67 67
0858_0020_0045_0048_0048.jpg 1 20 45 48 48
0859_0007_0008_0053_0053.jpg 1 7 8 53 53
0860_0041_0042_0030_0030.jpg 1 41 42 30 30
0861_0024_0032_0059_0059.jpg 1 24 32 59 59
0862_0043_0010_0041_0041.jpg 1 43 10 41 41
0863_0020_0023_0057_0057.jpg 1 20 23 57 57
0864_0031_0031_0040_0040.jpg 1 31 31 40 40
0865_0039_0035_0053_0053.jpg 1 39 35 53 53
0866_0012_0025_0055_0055.jpg 1 12 25 55 55
0867_0028_0029_0039_0039.jpg 1 28 29 39 39
0868_0016_0021_0038_0038.jpg 1 16 21 38 38
0869_0018_0008_0045_0045.jpg 1 18 8 45 45
0870_0018_0025_0068_0068.jpg 1 18 25 68 68
0871_0059_0049_0028_0028.jpg 1 59 49 28 28
0872_0011_0038_0045_0045.jpg 1 11 38 45 45
0873_0039_0023_0055_0055.jpg 1 39 23 55 55
0874_0031_0049_0032_0032.jpg 1 31 49 32 32
0875_0011_0017_0064_0064.jpg 1 11 17 64 64
0876_0015_0009_0056_0056.jpg 1 15 9 56 56
0877_0024_0030_0044_0044.jpg 1 24 30 44 44
0878_0013_0032_0063_0063.jpg 1 13 32 63 63
0879_0013_0025_0062_0062.jpg 1 13 25 62 62
0880_0050_0008_0024_0024.jpg 1 50 8 24 24
0881_0010_0023_0064_0064.jpg 1 10 23 64 64
0882_0024_0028_0068_0068.jpg 1 24 28 68 68
0883_0025_0024_0053_0053.jpg 1 25 24 53 53
0884_0032_0026_0061_0061.jpg 1 32 26 61 61
0885_0017_0040_0039_0039.jpg 1 17 40 39 39
0886_0025_0011_0053_0053.jpg 1 25 11 53 53
0887_0033_0025_0059_0059.jpg 1 33 25 59 59
0888_0034_0010_0061_0061.jpg 1 34 10 61 61
0889_0017_0036_0044_0044.jpg 1 17 36 44 44
0890_0038_0012_0038_0038.jpg 1 38 12 38 38
0891_0010_0007_0058_0058.jpg 1 10 7 58 58
0892_0018_0030_0031_0031.jpg 1 18 30 31 31
0893_0019_0034_0034_0034.jpg 1 19 34 34 34
0894_0018_0022_0063_0063.jpg 1 18 22 63 63
0895_0019_0051_0033_0033.jpg 1 19 51 33 33
0896_0023_0042_0044_0044.jpg 1 23 42 44 44
0897_0010_0031_0060_0060.jpg 1 10 31 60 60
0898_0021_0048_0026_0026.jpg 1 21 48 26 26
0899_0024_0025_0068_0068.jpg 1 24 25 68 68
0900_0016_0024_0063_0063.jpg 1 16 24 63 63
